<?xml version="1.0" encoding="UTF-8"?>
<testng-results skipped="0" failed="0" total="3" passed="3">
  <reporter-output>
  </reporter-output>
  <suite name="Default suite" duration-ms="23" started-at="2019-06-08T08:26:24Z" finished-at="2019-06-08T08:26:24Z">
    <groups>
    </groups>
    <test name="Default test" duration-ms="23" started-at="2019-06-08T08:26:24Z" finished-at="2019-06-08T08:26:24Z">
      <class name="test.FibonacciTest">
        <test-method status="PASS" signature="test1()[pri:0, instance:test.FibonacciTest@763d9750]" name="test1" duration-ms="10" started-at="2019-06-08T13:56:24Z" finished-at="2019-06-08T13:56:24Z">
          <reporter-output>
          </reporter-output>
        </test-method> <!-- test1 -->
        <test-method status="PASS" signature="test2()[pri:0, instance:test.FibonacciTest@763d9750]" name="test2" duration-ms="0" started-at="2019-06-08T13:56:24Z" finished-at="2019-06-08T13:56:24Z">
          <reporter-output>
          </reporter-output>
        </test-method> <!-- test2 -->
        <test-method status="PASS" signature="test3()[pri:0, instance:test.FibonacciTest@763d9750]" name="test3" duration-ms="0" started-at="2019-06-08T13:56:24Z" finished-at="2019-06-08T13:56:24Z">
          <reporter-output>
          </reporter-output>
        </test-method> <!-- test3 -->
      </class> <!-- test.FibonacciTest -->
    </test> <!-- Default test -->
  </suite> <!-- Default suite -->
</testng-results>
